<?xml version="1.0" encoding="UTF-8"?>
<!-- Generated by org.testng.reporters.JUnitXMLReporter -->
<testsuite ignored="1" hostname="LAPTOP-0CAQ7L1O" failures="0" tests="6" name="Test" time="8.597" errors="0" timestamp="2022-08-10T17:53:10 IST">
  <testcase classname="POM.FaceBookTestPractice" name="LoginWithValidCredentials" time="5.141"/>
  <testcase classname="POM.TestNGpractice" name="Test3" time="0.001"/>
  <testcase classname="POM.TestNGpractice" name="Test3" time="0.004"/>
  <testcase classname="POM.TestNGpractice" name="Test3" time="0.001"/>
  <testcase classname="POM.TestNGpractice" name="Test1" time="0.0"/>
  <testcase classname="POM.TestNGpractice" name="Test4" time="0.007"/>
  <testcase classname="POM.TestNGpractice" name="Test2" time="0.0">
    <ignored/>
  </testcase> <!-- Test2 -->
</testsuite> <!-- Test -->
